n = 500, simulation time = 0.08331 seconds
n = 500,threads = 1, simulation time = 0.086536 seconds
n = 500,threads = 2, simulation time = 0.051989 seconds
n = 500,threads = 4, simulation time = 0.041003 seconds
n = 500,threads = 8, simulation time = 0.035748 seconds
n = 500,threads = 16, simulation time = 0.032117 seconds
n = 1000,threads = 2, simulation time = 0.094091 seconds
n = 2000,threads = 4, simulation time = 0.130803 seconds
n = 4000,threads = 8, simulation time = 0.177745 seconds
n = 8000,threads = 16, simulation time = 0.394284 seconds

Strong scaling estimates are :
    0.96    1.60    2.03    2.33    2.59 (speedup)
    0.96    0.80    0.51    0.29    0.16 (efficiency)    for
       1       2       4       8      16 threads/processors

Average strong scaling efficiency:    0.55 

Weak scaling estimates are :
    0.96    0.89    0.64    0.47    0.21 (efficiency)    for
       1       2       4       8      16 threads/processors

Average weak scaling efficiency:    0.63 


openmp Grade =   82.42

