n = 500, simulation time = 0.078272 seconds
n = 500, simulation time = 0.102531 seconds
n = 500, simulation time = 0.056528 seconds
n = 500, simulation time = 0.049255 seconds
n = 500, simulation time = 0.050913 seconds
n = 500, simulation time = 0.05004 seconds
n = 1000, simulation time = 0.121643 seconds
n = 2000, simulation time = 0.186784 seconds
n = 4000, simulation time = 0.256663 seconds
n = 8000, simulation time = 0.334702 seconds

Strong scaling estimates are :
    0.76    1.38    1.59    1.54    1.56 (speedup)
    0.76    0.69    0.40    0.19    0.10 (efficiency)    for
       1       2       4       8      16 threads/processors

Average strong scaling efficiency:    0.43 

Weak scaling estimates are :
    0.76    0.64    0.42    0.30    0.23 (efficiency)    for
       1       2       4       8      16 threads/processors

Average weak scaling efficiency:    0.47 


mpi Grade =   67.61

